<?xml version="1.0" encoding="UTF-8"?>
<!-- Generated by org.testng.reporters.JUnitReportReporter -->
<testsuite hostname="Rincy" failures="0" tests="1" name="testscript.AdminuserTest" time="6.372" errors="0" timestamp="2025-08-06T12:39:36 EDT" skipped="0">
  <testcase classname="testscript.AdminuserTest" name="verifyUserIsAbletoResetSuccessfully" time="6.372"/>
</testsuite> <!-- testscript.AdminuserTest -->
