<?xml version="1.0" encoding="UTF-8"?>
<!-- Generated by org.testng.reporters.JUnitReportReporter -->
<testsuite hostname="Rincy" failures="0" tests="2" name="testscript.LoginTest" time="9.983" errors="0" timestamp="2025-08-18T10:58:34 EDT" skipped="0">
  <testcase classname="testscript.LoginTest" name="verifyValidCredentials" time="5.255"/>
  <testcase classname="testscript.LoginTest" name="verifyInValidCredentials" time="4.728"/>
</testsuite> <!-- testscript.LoginTest -->
