<?xml version="1.0" encoding="UTF-8"?>
<!-- Generated by org.testng.reporters.JUnitReportReporter -->
<testsuite hostname="Rincy" failures="0" tests="1" name="testscript.NewsTest" time="10.028" errors="0" timestamp="2025-08-07T11:42:46 EDT" skipped="0">
  <testcase classname="testscript.NewsTest" name="verifyWhetherUserIsAbletoSearchNewNewsInNewsPage" time="10.028"/>
</testsuite> <!-- testscript.NewsTest -->
